<?xml version="1.0" encoding="UTF-8" ?>
<testsuite errors="0" failures="0" hostname="vini-dell-7567" name="xgis.RectangleTest" skipped="0" tests="7" time="0.239" timestamp="2021-12-14T16:03:43">
  <properties>
    <property name="ant.library.dir" value="C:/Program Files (x86)/Apache/apache-ant-1.10.11/lib" />
    <property name="ant.file.type" value="file" />
    <property name="java.specification.version" value="16" />
    <property name="ant.project.name" value="gis.git" />
    <property name="sun.cpu.isalist" value="amd64" />
    <property name="sun.jnu.encoding" value="Cp1252" />
    <property name="java.class.path" value="C:\Program Files (x86)\Apache\apache-ant-1.10.11\lib\hamcrest-core-1.3.jar;C:\Users\vinay\IdeaProjects\gis.git\build;C:\Program Files (x86)\Apache\apache-ant-1.10.11\lib\junit-4.13.2.jar;C:\Program Files (x86)\Apache\apache-ant-1.10.11\lib\ant-launcher.jar;C:\Program Files (x86)\Apache\apache-ant-1.10.11\lib\ant.jar;C:\Program Files (x86)\Apache\apache-ant-1.10.11\lib\ant-junit.jar;C:\Program Files (x86)\Apache\apache-ant-1.10.11\lib\ant-junit4.jar" />
    <property name="java.vm.vendor" value="Oracle Corporation" />
    <property name="sun.arch.data.model" value="64" />
    <property name="user.variant" value="" />
    <property name="java.vendor.url" value="https://java.oracle.com/" />
    <property name="java.vm.specification.version" value="16" />
    <property name="os.name" value="Windows 10" />
    <property name="ant.file.type.gis.git" value="file" />
    <property name="sun.java.launcher" value="SUN_STANDARD" />
    <property name="user.country" value="US" />
    <property name="sun.boot.library.path" value="C:\Program Files\Java\jdk-16.0.1\bin" />
    <property name="output.dir" value="output" />
    <property name="sun.java.command" value="org.apache.tools.ant.taskdefs.optional.junit.JUnitTestRunner xgis.RectangleTest skipNonTests=false filtertrace=false haltOnError=false haltOnFailure=false formatter=org.apache.tools.ant.taskdefs.optional.junit.OutErrSummaryJUnitResultFormatter showoutput=false outputtoformatters=true logfailedtests=true threadid=0 logtestlistenerevents=false formatter=org.apache.tools.ant.taskdefs.optional.junit.XMLJUnitResultFormatter,C:\Users\vinay\IdeaProjects\gis.git\report\junit\TEST-xgis.RectangleTest.xml crashfile=C:\Users\vinay\IdeaProjects\gis.git\junitvmwatcher7070263251034940065.properties propsfile=C:\Users\vinay\IdeaProjects\gis.git\junit6178895090877841034.properties" />
    <property name="jdk.debug" value="release" />
    <property name="sun.cpu.endian" value="little" />
    <property name="user.home" value="C:\Users\vinay" />
    <property name="user.language" value="en" />
    <property name="sun.stderr.encoding" value="cp437" />
    <property name="java.specification.vendor" value="Oracle Corporation" />
    <property name="_jacoco.agentFile" value="C:\Users\vinay\AppData\Local\Temp\jacocoagent15556971469457453994.jar" />
    <property name="java.version.date" value="2021-04-20" />
    <property name="java.home" value="C:\Program Files\Java\jdk-16.0.1" />
    <property name="basedir" value="C:\Users\vinay\IdeaProjects\gis.git" />
    <property name="file.separator" value="\" />
    <property name="jacoco.file" value="report/jacoco/jacoco.exec" />
    <property name="java.vm.compressedOopsMode" value="32-bit" />
    <property name="sun.stdout.encoding" value="cp437" />
    <property name="line.separator" value="&#xd;&#xa;" />
    <property name="ant.java.version" value="16" />
    <property name="java.vm.specification.vendor" value="Oracle Corporation" />
    <property name="java.specification.name" value="Java Platform API Specification" />
    <property name="doc.dir" value="doc" />
    <property name="ant.file.gis.git" value="C:\Users\vinay\IdeaProjects\gis.git\build.xml" />
    <property name="user.script" value="" />
    <property name="sun.management.compiler" value="HotSpot 64-Bit Tiered Compilers" />
    <property name="java.runtime.version" value="16.0.1+9-24" />
    <property name="user.name" value="vinay" />
    <property name="ant.file" value="C:\Users\vinay\IdeaProjects\gis.git\build.xml" />
    <property name="path.separator" value=";" />
    <property name="os.version" value="10.0" />
    <property name="jacoco.dir" value="report/jacoco" />
    <property name="java.runtime.name" value="Java(TM) SE Runtime Environment" />
    <property name="file.encoding" value="Cp1252" />
    <property name="ant.project.invoked-targets" value="report" />
    <property name="java.vm.name" value="Java HotSpot(TM) 64-Bit Server VM" />
    <property name="report.dir" value="report" />
    <property name="junit.dir" value="report/junit" />
    <property name="ant.core.lib" value="C:\Program Files (x86)\Apache\apache-ant-1.10.11\lib\ant.jar" />
    <property name="build.dir" value="build" />
    <property name="java.vendor.url.bug" value="https://bugreport.java.com/bugreport/" />
    <property name="java.io.tmpdir" value="C:\Users\vinay\AppData\Local\Temp\" />
    <property name="java.version" value="16.0.1" />
    <property name="user.dir" value="C:\Users\vinay\IdeaProjects\gis.git" />
    <property name="os.arch" value="amd64" />
    <property name="java.vm.specification.name" value="Java Virtual Machine Specification" />
    <property name="output.file" value="output/output.txt" />
    <property name="ant.home" value="C:/Program Files (x86)/Apache/apache-ant-1.10.11" />
    <property name="sun.os.patch.level" value="" />
    <property name="error.file" value="output/error.txt" />
    <property name="ant.version" value="Apache Ant(TM) version 1.10.11 compiled on July 10 2021" />
    <property name="java.library.path" value="C:\Program Files\Java\jdk-16.0.1\bin;C:\WINDOWS\Sun\Java\bin;C:\WINDOWS\system32;C:\WINDOWS;C:\Program Files\Git\mingw64\bin;C:\Program Files\Git\usr\bin;C:\Users\vinay\bin;C:\Program Files\Common Files\Oracle\Java\javapath;C:\Program Files (x86)\Common Files\Oracle\Java\javapath;C:\Windows\system32;C:\Windows;C:\Windows\System32\Wbem;C:\Windows\System32\WindowsPowerShell\v1.0;C:\Program Files (x86)\NVIDIA Corporation\PhysX\Common;C:\WINDOWS\system32;C:\WINDOWS;C:\WINDOWS\System32\Wbem;C:\WINDOWS\System32\WindowsPowerShell\v1.0;C:\WINDOWS\System32\OpenSSH;C:\Program Files\Intel\WiFi\bin;C:\Program Files\Common Files\Intel\WirelessCommon;C:\Program Files\NVIDIA Corporation\NVIDIA NvDLISR;C:\Program Files\nodejs;C:\WINDOWS\system32;C:\WINDOWS;C:\WINDOWS\System32\Wbem;C:\WINDOWS\System32\WindowsPowerShell\v1.0;C:\WINDOWS\System32\OpenSSH;C:\Program Files\Crucial\Crucial Storage Executive;C:\Program Files (x86)\Common Files\Acronis\VirtualFile;C:\Program Files (x86)\Common Files\Acronis\VirtualFile64;C:\Program Files (x86)\Common Files\Acronis\SnapAPI;C:\Program Files (x86)\AOMEI\AOMEI Backupper\6.5.1;C:\Program Files\PuTTY;C:\Program Files (x86)\Calibre2;C:\Program Files (x86)\Intel\Intel(R) Management Engine Components\DAL;C:\Program Files\Intel\Intel(R) Management Engine Components\DAL;C:\Program Files\Git\cmd;C:\Program Files (x86)\Apache\apache-ant-1.10.11\bin;C:\Users\vinay\AppData\Local\Programs\Python\Python38-32\Scripts;C:\Users\vinay\AppData\Local\Programs\Python\Python38-32;C:\Users\vinay\AppData\Local\Microsoft\WindowsApps;C:\Program Files\Intel\WiFi\bin;C:\Program Files\Common Files\Intel\WirelessCommon;C:\Users\vinay\AppData\Local\Programs\Microsoft VS Code\bin;C:\Users\vinay\AppData\Local\atom\bin;C:\Users\vinay\AppData\Local\hyper\app-3.0.2\resources\bin;C:\Program Files\JetBrains\PyCharm Community Edition 2020.2.1\bin;C:\Users\vinay\AppData\Local\GitHubDesktop\bin;C:\Program Files\JetBrains\IntelliJ IDEA Community Edition 2020.2.2\bin;C:\Users\vinay\AppData\Roaming\npm;C:\Program Files (x86)\Nmap;C:\Users\vinay\AppData\Local\Microsoft\WindowsApps;C:\Program Files\JetBrains\CLion 2021.2.2\bin;C:\Users\vinay\AppData\Local\Programs\MiKTeX\miktex\bin\x64;C:\Program Files\JetBrains\IntelliJ IDEA 2021.2.2\bin;C:\Program Files\JetBrains\PyCharm 2021.2.2\bin;." />
    <property name="java.vendor" value="Oracle Corporation" />
    <property name="java.vm.info" value="mixed mode, sharing" />
    <property name="java.vm.version" value="16.0.1+9-24" />
    <property name="sun.io.unicode.encoding" value="UnicodeLittle" />
    <property name="java.class.version" value="60.0" />
    <property name="src.dir" value="src" />
  </properties>
  <testcase classname="xgis.RectangleTest" name="testLeftRightTopBottom" time="0.011" />
  <testcase classname="xgis.RectangleTest" name="testToString" time="0.018" />
  <testcase classname="xgis.RectangleTest" name="testValidate" time="0.032" />
  <testcase classname="xgis.RectangleTest" name="testTopRight" time="0.002" />
  <testcase classname="xgis.RectangleTest" name="testValidateRectangle" time="0.002" />
  <testcase classname="xgis.RectangleTest" name="testAllCorners" time="0.004" />
  <testcase classname="xgis.RectangleTest" name="testBottomLeft" time="0.001" />
  <system-out><![CDATA[]]></system-out>
  <system-err><![CDATA[]]></system-err>
</testsuite>
